[debug] ----------------------------------------------------------------------
[debug] Command:      /usr/local/Cellar/node/7.4.0/bin/node /usr/local/bin/firebase serve
[debug] CLI Version:  3.5.0
[debug] Platform:     darwin
[debug] Node Version: v7.4.0
[debug] Time:         Wed Mar 22 2017 09:25:40 GMT-0600 (MDT)
[debug] ----------------------------------------------------------------------
[debug] 
[info] Starting Firebase development server...
[info] 
[info] Project Directory: /Users/paulvandyke/galvanize/unit-2/weDJ-frontend
[info] Public Directory: public
[info] 
[info] Server listening at: http://localhost:5000
[debug] ----------------------------------------------------------------------
[debug] Command:      /usr/local/Cellar/node/7.4.0/bin/node /usr/local/bin/firebase serve
[debug] CLI Version:  3.5.0
[debug] Platform:     darwin
[debug] Node Version: v7.4.0
[debug] Time:         Wed Mar 22 2017 15:03:52 GMT-0600 (MDT)
[debug] ----------------------------------------------------------------------
[debug] 
[info] Starting Firebase development server...
[info] 
[info] Project Directory: /Users/paulvandyke/galvanize/unit-2/weDJ-frontend
[info] Public Directory: public
[info] 
[info] Server listening at: http://localhost:5000
